[0.313s] [34mcolcon[0m [1;30mDEBUG[0m [32mCommand line arguments: ['/usr/bin/colcon', 'build'][0m
[0.313s] [34mcolcon[0m [1;30mDEBUG[0m [32mParsed command line arguments: Namespace(log_base=None, log_level=None, verb_name='build', build_base='build', install_base='install', merge_install=False, symlink_install=False, test_result_base=None, continue_on_error=False, executor='parallel', parallel_workers=8, event_handlers=None, ignore_user_meta=False, metas=['./colcon.meta'], base_paths=['.'], packages_ignore=None, packages_ignore_regex=None, paths=None, packages_up_to=None, packages_up_to_regex=None, packages_above=None, packages_above_and_dependencies=None, packages_above_depth=None, packages_select_by_dep=None, packages_skip_by_dep=None, packages_skip_up_to=None, packages_select_build_failed=False, packages_skip_build_finished=False, packages_select_test_failures=False, packages_skip_test_passed=False, packages_select=None, packages_skip=None, packages_select_regex=None, packages_skip_regex=None, packages_start=None, packages_end=None, allow_overriding=[], cmake_args=None, cmake_target=None, cmake_target_skip_unavailable=False, cmake_clean_cache=False, cmake_clean_first=False, cmake_force_configure=False, ament_cmake_args=None, catkin_cmake_args=None, catkin_skip_building_tests=False, mixin_files=None, mixin=None, verb_parser=<colcon_mixin.mixin.mixin_argument.MixinArgumentDecorator object at 0x7f80af25cbe0>, verb_extension=<colcon_core.verb.build.BuildVerb object at 0x7f80af25ffa0>, main=<bound method BuildVerb.main of <colcon_core.verb.build.BuildVerb object at 0x7f80af25ffa0>>, mixin_verb=('build',))[0m
[0.331s] [34mcolcon.colcon_core.package_discovery[0m [1;30mLevel 1[0m discover_packages(colcon_meta) check parameters
[0.331s] [34mcolcon.colcon_core.package_discovery[0m [1;30mLevel 1[0m discover_packages(recursive) check parameters
[0.331s] [34mcolcon.colcon_core.package_discovery[0m [1;30mLevel 1[0m discover_packages(ignore) check parameters
[0.331s] [34mcolcon.colcon_core.package_discovery[0m [1;30mLevel 1[0m discover_packages(path) check parameters
[0.331s] [34mcolcon.colcon_core.package_discovery[0m [1;30mLevel 1[0m discover_packages(colcon_meta) discover
[0.331s] [34mcolcon.colcon_core.package_discovery[0m [1;30mLevel 1[0m discover_packages(recursive) discover
[0.331s] [34mcolcon.colcon_core.package_discovery[0m [1;30mINFO[0m Crawling recursively for packages in '/home/ccy/planr_ws/src/festival_ur_core_node'
[0.331s] [34mcolcon.colcon_core.package_identification[0m [1;30mLevel 1[0m _identify(.) by extensions ['ignore', 'ignore_ament_install']
[0.332s] [34mcolcon.colcon_core.package_identification[0m [1;30mLevel 1[0m _identify(.) by extension 'ignore'
[0.332s] [34mcolcon.colcon_core.package_identification[0m [1;30mLevel 1[0m _identify(.) by extension 'ignore_ament_install'
[0.332s] [34mcolcon.colcon_core.package_identification[0m [1;30mLevel 1[0m _identify(.) by extensions ['colcon_pkg']
[0.332s] [34mcolcon.colcon_core.package_identification[0m [1;30mLevel 1[0m _identify(.) by extension 'colcon_pkg'
[0.332s] [34mcolcon.colcon_core.package_identification[0m [1;30mLevel 1[0m _identify(.) by extensions ['colcon_meta']
[0.332s] [34mcolcon.colcon_core.package_identification[0m [1;30mLevel 1[0m _identify(.) by extension 'colcon_meta'
[0.332s] [34mcolcon.colcon_core.package_identification[0m [1;30mLevel 1[0m _identify(.) by extensions ['ros']
[0.332s] [34mcolcon.colcon_core.package_identification[0m [1;30mLevel 1[0m _identify(.) by extension 'ros'
[0.344s] [34mcolcon.colcon_core.package_identification[0m [1;30mDEBUG[0m [32mPackage '.' with type 'ros.ament_cmake' and name 'festival_ur_core_node'[0m
[0.344s] [34mcolcon.colcon_core.package_discovery[0m [1;30mLevel 1[0m discover_packages(recursive) using defaults
[0.344s] [34mcolcon.colcon_core.package_discovery[0m [1;30mLevel 1[0m discover_packages(ignore) discover
[0.344s] [34mcolcon.colcon_core.package_discovery[0m [1;30mLevel 1[0m discover_packages(ignore) using defaults
[0.344s] [34mcolcon.colcon_core.package_discovery[0m [1;30mLevel 1[0m discover_packages(path) discover
[0.344s] [34mcolcon.colcon_core.package_discovery[0m [1;30mLevel 1[0m discover_packages(path) using defaults
[0.359s] [34mcolcon.colcon_core.package_discovery[0m [1;30mLevel 1[0m discover_packages(prefix_path) check parameters
[0.359s] [34mcolcon.colcon_core.package_discovery[0m [1;30mLevel 1[0m discover_packages(prefix_path) discover
[0.360s] [34mcolcon.colcon_ros.prefix_path.ament[0m [1;30mWARNING[0m [33mThe path '/home/ccy/planr_ws/install/yolov5_ros' in the environment variable AMENT_PREFIX_PATH doesn't exist[0m
[0.360s] [34mcolcon.colcon_ros.prefix_path.ament[0m [1;30mWARNING[0m [33mThe path '/home/ccy/planr_ws/install/ur' in the environment variable AMENT_PREFIX_PATH doesn't exist[0m
[0.360s] [34mcolcon.colcon_ros.prefix_path.ament[0m [1;30mWARNING[0m [33mThe path '/home/ccy/planr_ws/install/ur_calibration' in the environment variable AMENT_PREFIX_PATH doesn't exist[0m
[0.361s] [34mcolcon.colcon_ros.prefix_path.ament[0m [1;30mWARNING[0m [33mThe path '/home/ccy/planr_ws/install/festival_ur3_py' in the environment variable AMENT_PREFIX_PATH doesn't exist[0m
[0.361s] [34mcolcon.colcon_ros.prefix_path.ament[0m [1;30mWARNING[0m [33mThe path '/home/ccy/planr_ws/install/hello_moveit' in the environment variable AMENT_PREFIX_PATH doesn't exist[0m
[0.361s] [34mcolcon.colcon_ros.prefix_path.ament[0m [1;30mWARNING[0m [33mThe path '/home/ccy/planr_ws/install/festival_ur_control' in the environment variable AMENT_PREFIX_PATH doesn't exist[0m
[0.361s] [34mcolcon.colcon_ros.prefix_path.ament[0m [1;30mWARNING[0m [33mThe path '/home/ccy/planr_ws/install/festival_ur3_cpp' in the environment variable AMENT_PREFIX_PATH doesn't exist[0m
[0.361s] [34mcolcon.colcon_ros.prefix_path.catkin[0m [1;30mWARNING[0m [33mThe path '/home/ccy/planr_ws/install/ur' in the environment variable CMAKE_PREFIX_PATH doesn't exist[0m
[0.361s] [34mcolcon.colcon_ros.prefix_path.catkin[0m [1;30mWARNING[0m [33mThe path '/home/ccy/planr_ws/install/ur_calibration' in the environment variable CMAKE_PREFIX_PATH doesn't exist[0m
[0.361s] [34mcolcon.colcon_ros.prefix_path.catkin[0m [1;30mWARNING[0m [33mThe path '/home/ccy/planr_ws/install/hello_moveit' in the environment variable CMAKE_PREFIX_PATH doesn't exist[0m
[0.361s] [34mcolcon.colcon_ros.prefix_path.catkin[0m [1;30mWARNING[0m [33mThe path '/home/ccy/planr_ws/install/festival_ur3_cpp' in the environment variable CMAKE_PREFIX_PATH doesn't exist[0m
[0.363s] [34mcolcon.colcon_installed_package_information.package_discovery[0m [1;30mDEBUG[0m [32mFound 15 installed packages in /home/ccy/planr_ws/install[0m
[0.364s] [34mcolcon.colcon_installed_package_information.package_discovery[0m [1;30mDEBUG[0m [32mFound 382 installed packages in /opt/ros/humble[0m
[0.367s] [34mcolcon.colcon_core.package_discovery[0m [1;30mLevel 1[0m discover_packages(prefix_path) using defaults
[0.416s] [34mcolcon.colcon_core.verb[0m [1;30mLevel 5[0m set package 'festival_ur_core_node' build argument 'cmake_args' from command line to 'None'
[0.416s] [34mcolcon.colcon_core.verb[0m [1;30mLevel 5[0m set package 'festival_ur_core_node' build argument 'cmake_target' from command line to 'None'
[0.416s] [34mcolcon.colcon_core.verb[0m [1;30mLevel 5[0m set package 'festival_ur_core_node' build argument 'cmake_target_skip_unavailable' from command line to 'False'
[0.416s] [34mcolcon.colcon_core.verb[0m [1;30mLevel 5[0m set package 'festival_ur_core_node' build argument 'cmake_clean_cache' from command line to 'False'
[0.416s] [34mcolcon.colcon_core.verb[0m [1;30mLevel 5[0m set package 'festival_ur_core_node' build argument 'cmake_clean_first' from command line to 'False'
[0.416s] [34mcolcon.colcon_core.verb[0m [1;30mLevel 5[0m set package 'festival_ur_core_node' build argument 'cmake_force_configure' from command line to 'False'
[0.416s] [34mcolcon.colcon_core.verb[0m [1;30mLevel 5[0m set package 'festival_ur_core_node' build argument 'ament_cmake_args' from command line to 'None'
[0.417s] [34mcolcon.colcon_core.verb[0m [1;30mLevel 5[0m set package 'festival_ur_core_node' build argument 'catkin_cmake_args' from command line to 'None'
[0.417s] [34mcolcon.colcon_core.verb[0m [1;30mLevel 5[0m set package 'festival_ur_core_node' build argument 'catkin_skip_building_tests' from command line to 'False'
[0.417s] [34mcolcon.colcon_core.verb[0m [1;30mDEBUG[0m [32mBuilding package 'festival_ur_core_node' with the following arguments: {'ament_cmake_args': None, 'build_base': '/home/ccy/planr_ws/src/festival_ur_core_node/build/festival_ur_core_node', 'catkin_cmake_args': None, 'catkin_skip_building_tests': False, 'cmake_args': None, 'cmake_clean_cache': False, 'cmake_clean_first': False, 'cmake_force_configure': False, 'cmake_target': None, 'cmake_target_skip_unavailable': False, 'install_base': '/home/ccy/planr_ws/src/festival_ur_core_node/install/festival_ur_core_node', 'merge_install': False, 'path': '/home/ccy/planr_ws/src/festival_ur_core_node', 'symlink_install': False, 'test_result_base': None}[0m
[0.417s] [34mcolcon.colcon_core.executor[0m [1;30mINFO[0m Executing jobs using 'parallel' executor
[0.420s] [34mcolcon.colcon_parallel_executor.executor.parallel[0m [1;30mDEBUG[0m [32mrun_until_complete[0m
[0.420s] [34mcolcon.colcon_ros.task.ament_cmake.build[0m [1;30mINFO[0m Building ROS package in '/home/ccy/planr_ws/src/festival_ur_core_node' with build type 'ament_cmake'
[0.420s] [34mcolcon.colcon_cmake.task.cmake.build[0m [1;30mINFO[0m Building CMake package in '/home/ccy/planr_ws/src/festival_ur_core_node'
[0.425s] [34mcolcon.colcon_core.plugin_system[0m [1;30mINFO[0m Skipping extension 'colcon_core.shell.bat': Not used on non-Windows systems
[0.425s] [34mcolcon.colcon_core.shell[0m [1;30mINFO[0m Skip shell extension 'powershell' for command environment: Not usable outside of PowerShell
[0.425s] [34mcolcon.colcon_core.shell[0m [1;30mDEBUG[0m [32mSkip shell extension 'dsv' for command environment[0m
[0.432s] [34mcolcon.colcon_core.event_handler.log_command[0m [1;30mDEBUG[0m [32mInvoking command in '/home/ccy/planr_ws/src/festival_ur_core_node/build/festival_ur_core_node': CMAKE_PREFIX_PATH=${CMAKE_PREFIX_PATH}:/home/ccy/planr_ws/install/yolov5_ros:/home/ccy/planr_ws/install/yolo_people:/home/ccy/planr_ws/install/festival_ur3_py:/home/ccy/planr_ws/install/festival_ur_control_nodes:/home/ccy/planr_ws/install/festival_ur_control:/home/ccy/planr_ws/install/festival:/opt/ros/humble /home/ccy/.local/bin/cmake /home/ccy/planr_ws/src/festival_ur_core_node -DCMAKE_INSTALL_PREFIX=/home/ccy/planr_ws/src/festival_ur_core_node/install/festival_ur_core_node[0m
[4.006s] [34mcolcon.colcon_core.event_handler.log_command[0m [1;30mDEBUG[0m [32mInvoked command in '/home/ccy/planr_ws/src/festival_ur_core_node/build/festival_ur_core_node' returned '0': CMAKE_PREFIX_PATH=${CMAKE_PREFIX_PATH}:/home/ccy/planr_ws/install/yolov5_ros:/home/ccy/planr_ws/install/yolo_people:/home/ccy/planr_ws/install/festival_ur3_py:/home/ccy/planr_ws/install/festival_ur_control_nodes:/home/ccy/planr_ws/install/festival_ur_control:/home/ccy/planr_ws/install/festival:/opt/ros/humble /home/ccy/.local/bin/cmake /home/ccy/planr_ws/src/festival_ur_core_node -DCMAKE_INSTALL_PREFIX=/home/ccy/planr_ws/src/festival_ur_core_node/install/festival_ur_core_node[0m
[4.008s] [34mcolcon.colcon_core.event_handler.log_command[0m [1;30mDEBUG[0m [32mInvoking command in '/home/ccy/planr_ws/src/festival_ur_core_node/build/festival_ur_core_node': CMAKE_PREFIX_PATH=${CMAKE_PREFIX_PATH}:/home/ccy/planr_ws/install/yolov5_ros:/home/ccy/planr_ws/install/yolo_people:/home/ccy/planr_ws/install/festival_ur3_py:/home/ccy/planr_ws/install/festival_ur_control_nodes:/home/ccy/planr_ws/install/festival_ur_control:/home/ccy/planr_ws/install/festival:/opt/ros/humble /home/ccy/.local/bin/cmake --build /home/ccy/planr_ws/src/festival_ur_core_node/build/festival_ur_core_node -- -j8 -l8[0m
[8.129s] [34mcolcon.colcon_core.event_handler.log_command[0m [1;30mDEBUG[0m [32mInvoked command in '/home/ccy/planr_ws/src/festival_ur_core_node/build/festival_ur_core_node' returned '2': CMAKE_PREFIX_PATH=${CMAKE_PREFIX_PATH}:/home/ccy/planr_ws/install/yolov5_ros:/home/ccy/planr_ws/install/yolo_people:/home/ccy/planr_ws/install/festival_ur3_py:/home/ccy/planr_ws/install/festival_ur_control_nodes:/home/ccy/planr_ws/install/festival_ur_control:/home/ccy/planr_ws/install/festival:/opt/ros/humble /home/ccy/.local/bin/cmake --build /home/ccy/planr_ws/src/festival_ur_core_node/build/festival_ur_core_node -- -j8 -l8[0m
[8.173s] [34mcolcon.colcon_core.environment[0m [1;30mLevel 1[0m create_environment_scripts_only(festival_ur_core_node)
[8.178s] [34mcolcon.colcon_core.environment[0m [1;30mLevel 1[0m checking '/home/ccy/planr_ws/src/festival_ur_core_node/install/festival_ur_core_node' for CMake module files
[8.178s] [34mcolcon.colcon_core.environment[0m [1;30mLevel 1[0m checking '/home/ccy/planr_ws/src/festival_ur_core_node/install/festival_ur_core_node' for CMake config files
[8.178s] [34mcolcon.colcon_core.environment[0m [1;30mLevel 1[0m checking '/home/ccy/planr_ws/src/festival_ur_core_node/install/festival_ur_core_node/bin'
[8.178s] [34mcolcon.colcon_core.environment[0m [1;30mLevel 1[0m checking '/home/ccy/planr_ws/src/festival_ur_core_node/install/festival_ur_core_node/lib/pkgconfig/festival_ur_core_node.pc'
[8.179s] [34mcolcon.colcon_core.environment[0m [1;30mLevel 1[0m checking '/home/ccy/planr_ws/src/festival_ur_core_node/install/festival_ur_core_node/lib/python3.10/site-packages'
[8.179s] [34mcolcon.colcon_core.environment[0m [1;30mLevel 1[0m checking '/home/ccy/planr_ws/src/festival_ur_core_node/install/festival_ur_core_node/bin'
[8.180s] [34mcolcon.colcon_core.shell[0m [1;30mINFO[0m Creating package script '/home/ccy/planr_ws/src/festival_ur_core_node/install/festival_ur_core_node/share/festival_ur_core_node/package.ps1'
[8.181s] [34mcolcon.colcon_core.shell[0m [1;30mINFO[0m Creating package descriptor '/home/ccy/planr_ws/src/festival_ur_core_node/install/festival_ur_core_node/share/festival_ur_core_node/package.dsv'
[8.181s] [34mcolcon.colcon_core.shell[0m [1;30mINFO[0m Creating package script '/home/ccy/planr_ws/src/festival_ur_core_node/install/festival_ur_core_node/share/festival_ur_core_node/package.sh'
[8.181s] [34mcolcon.colcon_core.shell[0m [1;30mINFO[0m Creating package script '/home/ccy/planr_ws/src/festival_ur_core_node/install/festival_ur_core_node/share/festival_ur_core_node/package.bash'
[8.182s] [34mcolcon.colcon_core.shell[0m [1;30mINFO[0m Creating package script '/home/ccy/planr_ws/src/festival_ur_core_node/install/festival_ur_core_node/share/festival_ur_core_node/package.zsh'
[8.182s] [34mcolcon.colcon_core.environment[0m [1;30mLevel 1[0m create_file_with_runtime_dependencies(/home/ccy/planr_ws/src/festival_ur_core_node/install/festival_ur_core_node/share/colcon-core/packages/festival_ur_core_node)
[8.193s] [34mcolcon.colcon_parallel_executor.executor.parallel[0m [1;30mDEBUG[0m [32mclosing loop[0m
[8.193s] [34mcolcon.colcon_parallel_executor.executor.parallel[0m [1;30mDEBUG[0m [32mloop closed[0m
[8.194s] [34mcolcon.colcon_parallel_executor.executor.parallel[0m [1;30mDEBUG[0m [32mrun_until_complete finished with '2'[0m
[8.194s] [34mcolcon.colcon_core.event_reactor[0m [1;30mDEBUG[0m [32mjoining thread[0m
[8.202s] [34mcolcon.colcon_core.plugin_system[0m [1;30mINFO[0m Skipping extension 'colcon_notification.desktop_notification.terminal_notifier': Not used on non-Darwin systems
[8.202s] [34mcolcon.colcon_core.plugin_system[0m [1;30mINFO[0m Skipping extension 'colcon_notification.desktop_notification.win32': Not used on non-Windows systems
[8.202s] [34mcolcon.colcon_notification.desktop_notification[0m [1;30mINFO[0m Sending desktop notification using 'notify2'
[8.212s] [34mcolcon.colcon_core.event_reactor[0m [1;30mDEBUG[0m [32mjoined thread[0m
[8.214s] [34mcolcon.colcon_core.shell[0m [1;30mINFO[0m Creating prefix script '/home/ccy/planr_ws/src/festival_ur_core_node/install/local_setup.ps1'
[8.215s] [34mcolcon.colcon_core.shell[0m [1;30mINFO[0m Creating prefix util module '/home/ccy/planr_ws/src/festival_ur_core_node/install/_local_setup_util_ps1.py'
[8.216s] [34mcolcon.colcon_core.shell[0m [1;30mINFO[0m Creating prefix chain script '/home/ccy/planr_ws/src/festival_ur_core_node/install/setup.ps1'
[8.218s] [34mcolcon.colcon_core.shell[0m [1;30mINFO[0m Creating prefix script '/home/ccy/planr_ws/src/festival_ur_core_node/install/local_setup.sh'
[8.219s] [34mcolcon.colcon_core.shell[0m [1;30mINFO[0m Creating prefix util module '/home/ccy/planr_ws/src/festival_ur_core_node/install/_local_setup_util_sh.py'
[8.219s] [34mcolcon.colcon_core.shell[0m [1;30mINFO[0m Creating prefix chain script '/home/ccy/planr_ws/src/festival_ur_core_node/install/setup.sh'
[8.222s] [34mcolcon.colcon_core.shell[0m [1;30mINFO[0m Creating prefix script '/home/ccy/planr_ws/src/festival_ur_core_node/install/local_setup.bash'
[8.222s] [34mcolcon.colcon_core.shell[0m [1;30mINFO[0m Creating prefix chain script '/home/ccy/planr_ws/src/festival_ur_core_node/install/setup.bash'
[8.225s] [34mcolcon.colcon_core.shell[0m [1;30mINFO[0m Creating prefix script '/home/ccy/planr_ws/src/festival_ur_core_node/install/local_setup.zsh'
[8.226s] [34mcolcon.colcon_core.shell[0m [1;30mINFO[0m Creating prefix chain script '/home/ccy/planr_ws/src/festival_ur_core_node/install/setup.zsh'
